<?xml version="1.0" encoding="UTF-8"?>
<testsuite name="hk.ust.comp3021.actions.AddCommentActionTest" tests="8" skipped="0" failures="0" errors="0" timestamp="2023-04-13T11:27:38" hostname="KadeAir-6" time="0.022">
  <properties/>
  <testcase name="testAddCommentAction_ActionsSize()" classname="hk.ust.comp3021.actions.AddCommentActionTest" time="0.003"/>
  <testcase name="testAddCommentAction_UserOwnershipOfCommentOfComment()" classname="hk.ust.comp3021.actions.AddCommentActionTest" time="0.002"/>
  <testcase name="testAddCommentAction_OwnershipOfCommentOfComment()" classname="hk.ust.comp3021.actions.AddCommentActionTest" time="0.002"/>
  <testcase name="testAddCommentAction_UserOwnershipOfCommentOfPaper_Lambda()" classname="hk.ust.comp3021.actions.AddCommentActionTest" time="0.002"/>
  <testcase name="testAddCommentAction_UserOwnershipOfCommentOfComment_Lambda()" classname="hk.ust.comp3021.actions.AddCommentActionTest" time="0.002"/>
  <testcase name="testAddCommentAction_OwnershipOfCommentOfPaper()" classname="hk.ust.comp3021.actions.AddCommentActionTest" time="0.002"/>
  <testcase name="testAddCommentAction_CommentsInEngineOwnership()" classname="hk.ust.comp3021.actions.AddCommentActionTest" time="0.002"/>
  <testcase name="testAddCommentAction_UserOwnershipOfCommentOfPaper()" classname="hk.ust.comp3021.actions.AddCommentActionTest" time="0.004"/>
  <system-out><![CDATA[]]></system-out>
  <system-err><![CDATA[]]></system-err>
</testsuite>
