<?xml version="1.0" encoding="UTF-8"?>
<testsuite name="hk.ust.comp3021.actions.ProfileStatisticalInformationActionByLambdaTest" tests="3" skipped="0" failures="0" errors="0" timestamp="2023-04-14T10:23:12" hostname="KadeAir-6" time="0.058">
  <properties/>
  <testcase name="testProfileStatisticalInformationAction_ProfileMaximal()" classname="hk.ust.comp3021.actions.ProfileStatisticalInformationActionByLambdaTest" time="0.035"/>
  <testcase name="testProfileStatisticalInformationAction_ActionsSize()" classname="hk.ust.comp3021.actions.ProfileStatisticalInformationActionByLambdaTest" time="0.013"/>
  <testcase name="testProfileStatisticalInformationAction_ProfileAverage()" classname="hk.ust.comp3021.actions.ProfileStatisticalInformationActionByLambdaTest" time="0.008"/>
  <system-out><![CDATA[]]></system-out>
  <system-err><![CDATA[]]></system-err>
</testsuite>
