<?xml version="1.0" encoding="UTF-8"?>
<testsuite name="hk.ust.comp3021.actions.AddLabelActionTest" tests="5" skipped="0" failures="0" errors="0" timestamp="2023-04-13T11:27:38" hostname="KadeAir-6" time="0.046">
  <properties/>
  <testcase name="testAddLabelAction_LabelsInEngineOwnership()" classname="hk.ust.comp3021.actions.AddLabelActionTest" time="0.025"/>
  <testcase name="testAddLabelAction_PaperLabelOwnership()" classname="hk.ust.comp3021.actions.AddLabelActionTest" time="0.007"/>
  <testcase name="testAddLabelAction_UserOwnership_Lambda()" classname="hk.ust.comp3021.actions.AddLabelActionTest" time="0.005"/>
  <testcase name="testAddLabelAction_UserOwnership()" classname="hk.ust.comp3021.actions.AddLabelActionTest" time="0.003"/>
  <testcase name="testAddLabelAction_ActionsSize()" classname="hk.ust.comp3021.actions.AddLabelActionTest" time="0.003"/>
  <system-out><![CDATA[]]></system-out>
  <system-err><![CDATA[]]></system-err>
</testsuite>
