<?xml version="1.0" encoding="UTF-8"?>
<testsuite name="hk.ust.comp3021.MiniMendeleyTest" tests="2" skipped="0" failures="0" errors="0" timestamp="2023-04-14T10:23:13" hostname="KadeAir-6" time="0.009">
  <properties/>
  <testcase name="testPaperParser()" classname="hk.ust.comp3021.MiniMendeleyTest" time="0.004"/>
  <testcase name="testUserRegister()" classname="hk.ust.comp3021.MiniMendeleyTest" time="0.004"/>
  <system-out><![CDATA[]]></system-out>
  <system-err><![CDATA[]]></system-err>
</testsuite>
