<?xml version="1.0" encoding="UTF-8"?>
<testsuite name="hk.ust.comp3021.actions.SearchResearcherActionByLambdaTest" tests="4" skipped="0" failures="0" errors="0" timestamp="2023-04-13T05:30:43" hostname="KadeAir-6" time="0.067">
  <properties/>
  <testcase name="testSearchResearcherAction_ActionsSize()" classname="hk.ust.comp3021.actions.SearchResearcherActionByLambdaTest" time="0.004"/>
  <testcase name="testSearchResearcherAction_SearchByKeywordSimilarity()" classname="hk.ust.comp3021.actions.SearchResearcherActionByLambdaTest" time="0.056"/>
  <testcase name="testSearchResearcherAction_SearchByPaperWithinYear()" classname="hk.ust.comp3021.actions.SearchResearcherActionByLambdaTest" time="0.004"/>
  <testcase name="testSearchResearcherAction_SearchByJournalPublishTimes()" classname="hk.ust.comp3021.actions.SearchResearcherActionByLambdaTest" time="0.003"/>
  <system-out><![CDATA[]]></system-out>
  <system-err><![CDATA[]]></system-err>
</testsuite>
