<?xml version="1.0" encoding="UTF-8"?>
<testsuite name="hk.ust.comp3021.actions.SearchPaperActionTest" tests="5" skipped="0" failures="0" errors="0" timestamp="2023-04-10T02:03:22" hostname="KadeMacBook-Air-6.local" time="0.014">
  <properties/>
  <testcase name="testSearchPaperAction_SearchByAuthor()" classname="hk.ust.comp3021.actions.SearchPaperActionTest" time="0.003"/>
  <testcase name="testSearchPaperAction_ActionsSize()" classname="hk.ust.comp3021.actions.SearchPaperActionTest" time="0.003"/>
  <testcase name="testSearchPaperAction_SearchByID()" classname="hk.ust.comp3021.actions.SearchPaperActionTest" time="0.003"/>
  <testcase name="testSearchPaperAction_SearchByTitle()" classname="hk.ust.comp3021.actions.SearchPaperActionTest" time="0.003"/>
  <testcase name="testSearchPaperAction_SearchByJournal()" classname="hk.ust.comp3021.actions.SearchPaperActionTest" time="0.002"/>
  <system-out><![CDATA[]]></system-out>
  <system-err><![CDATA[]]></system-err>
</testsuite>
