<?xml version="1.0" encoding="UTF-8"?>
<testsuite name="hk.ust.comp3021.actions.SearchResearcherActionByLambdaTest" tests="4" skipped="0" failures="0" errors="0" timestamp="2023-04-14T10:23:13" hostname="KadeAir-6" time="0.09">
  <properties/>
  <testcase name="testSearchResearcherAction_ActionsSize()" classname="hk.ust.comp3021.actions.SearchResearcherActionByLambdaTest" time="0.002"/>
  <testcase name="testSearchResearcherAction_SearchByKeywordSimilarity()" classname="hk.ust.comp3021.actions.SearchResearcherActionByLambdaTest" time="0.084"/>
  <testcase name="testSearchResearcherAction_SearchByPaperWithinYear()" classname="hk.ust.comp3021.actions.SearchResearcherActionByLambdaTest" time="0.002"/>
  <testcase name="testSearchResearcherAction_SearchByJournalPublishTimes()" classname="hk.ust.comp3021.actions.SearchResearcherActionByLambdaTest" time="0.002"/>
  <system-out><![CDATA[]]></system-out>
  <system-err><![CDATA[]]></system-err>
</testsuite>
